1662845508257	geckodriver	INFO	Listening on 127.0.0.1:39269
1662845508791	mozrunner::runner	INFO	Running command: "/usr/bin/firefox" "--marionette" "--remote-debugging-port" "51147" "--remote-allow-hosts" "localhost" "-no-remote" "-profile" "/tmp/rust_mozprofileH0WIxJ"
[GFX1-]: glxtest: VA-API test failed: failed to initialise VAAPI connection.
ATTENTION: default value of option mesa_glthread overridden by environment.
ATTENTION: default value of option mesa_glthread overridden by environment.
ATTENTION: default value of option mesa_glthread overridden by environment.
ATTENTION: default value of option mesa_glthread overridden by environment.
1662845509759	Marionette	INFO	Marionette enabled
1662845509765	Marionette	INFO	Listening on port 44177
WebDriver BiDi listening on ws://localhost:51147
Read port: 44177
1662845509896	RemoteAgent	WARN	TLS certificate errors will be ignored for this session
console.warn: SearchSettings: "get: No settings file exists, new profile?" (new NotFoundError("Could not open the file at /tmp/rust_mozprofileH0WIxJ/search.json.mozlz4", (void 0)))
Missing chrome or resource URL: resource://gre/modules/UpdateListener.sys.mjs
DevTools listening on ws://localhost:51147/devtools/browser/995505bf-e3d7-4afa-9d5e-f3231cda0b2a
Missing chrome or resource URL: resource://gre/modules/UpdateListener.sys.mjs
console.error: "Error during quit-application-granted: [Exception... \"File error: Not found\"  nsresult: \"0x80520012 (NS_ERROR_FILE_NOT_FOUND)\"  location: \"JS frame :: resource:///modules/BrowserGlue.jsm :: _onQuitApplicationGranted/tasks< :: line 2013\"  data: no]"
1662845518351	Marionette	INFO	Stopped listening on port 44177
console.warn: TopSitesFeed: Failed to fetch data from Contile server: NetworkError when attempting to fetch resource.
1662846785850	geckodriver	INFO	Listening on 127.0.0.1:45601
1662846786378	mozrunner::runner	INFO	Running command: "/usr/bin/firefox" "--marionette" "-headless" "--remote-debugging-port" "50577" "--remote-allow-hosts" "localhost" "-no-remote" "-profile" "/tmp/rust_mozprofileyMbuyD"
*** You are running in headless mode.
[GFX1-]: glxtest: VA-API test failed: failed to initialise VAAPI connection.
1662846786778	Marionette	INFO	Marionette enabled
1662846786782	Marionette	INFO	Listening on port 37063
WebDriver BiDi listening on ws://localhost:50577
Read port: 37063
1662846787051	RemoteAgent	WARN	TLS certificate errors will be ignored for this session
[GFX1-]: RenderCompositorSWGL failed mapping default framebuffer, no dt
console.warn: SearchSettings: "get: No settings file exists, new profile?" (new NotFoundError("Could not open the file at /tmp/rust_mozprofileyMbuyD/search.json.mozlz4", (void 0)))
Missing chrome or resource URL: resource://gre/modules/UpdateListener.sys.mjs
DevTools listening on ws://localhost:50577/devtools/browser/4c9e9ab1-6437-4b93-813b-57632453ee19
1662846790434	Marionette	INFO	Stopped listening on port 37063
Missing chrome or resource URL: resource://gre/modules/UpdateListener.sys.mjs
console.error: "Error during quit-application-granted: [Exception... \"File error: Not found\"  nsresult: \"0x80520012 (NS_ERROR_FILE_NOT_FOUND)\"  location: \"JS frame :: resource:///modules/BrowserGlue.jsm :: _onQuitApplicationGranted/tasks< :: line 2013\"  data: no]"
1662847362242	geckodriver	INFO	Listening on 127.0.0.1:43585
1662847362759	mozrunner::runner	INFO	Running command: "/usr/bin/firefox" "--marionette" "-headless" "--remote-debugging-port" "58207" "--remote-allow-hosts" "localhost" "-no-remote" "-profile" "/tmp/rust_mozprofile3rypje"
*** You are running in headless mode.
[GFX1-]: glxtest: VA-API test failed: failed to initialise VAAPI connection.
1662847363178	Marionette	INFO	Marionette enabled
1662847363182	Marionette	INFO	Listening on port 40137
WebDriver BiDi listening on ws://localhost:58207
Read port: 40137
1662847363412	RemoteAgent	WARN	TLS certificate errors will be ignored for this session
[GFX1-]: RenderCompositorSWGL failed mapping default framebuffer, no dt
console.warn: SearchSettings: "get: No settings file exists, new profile?" (new NotFoundError("Could not open the file at /tmp/rust_mozprofile3rypje/search.json.mozlz4", (void 0)))
Missing chrome or resource URL: resource://gre/modules/UpdateListener.sys.mjs
DevTools listening on ws://localhost:58207/devtools/browser/c1993ac7-d2b7-439e-ad76-ca3642b1925e
1662847383833	geckodriver	INFO	Listening on 127.0.0.1:49295
1662847383840	mozrunner::runner	INFO	Running command: "/usr/bin/firefox" "--marionette" "-headless" "--remote-debugging-port" "48631" "--remote-allow-hosts" "localhost" "-no-remote" "-profile" "/tmp/rust_mozprofileqYUi8e"
*** You are running in headless mode.
[GFX1-]: glxtest: VA-API test failed: failed to initialise VAAPI connection.
1662847384247	Marionette	INFO	Marionette enabled
1662847384252	Marionette	INFO	Listening on port 43767
WebDriver BiDi listening on ws://localhost:48631
Read port: 43767
1662847384488	RemoteAgent	WARN	TLS certificate errors will be ignored for this session
[GFX1-]: RenderCompositorSWGL failed mapping default framebuffer, no dt
console.warn: SearchSettings: "get: No settings file exists, new profile?" (new NotFoundError("Could not open the file at /tmp/rust_mozprofileqYUi8e/search.json.mozlz4", (void 0)))
Missing chrome or resource URL: resource://gre/modules/UpdateListener.sys.mjs
DevTools listening on ws://localhost:48631/devtools/browser/bb93669d-7a3b-445f-bdc9-e06b2e3297c7
1662847412857	geckodriver	INFO	Listening on 127.0.0.1:36033
1662847413377	mozrunner::runner	INFO	Running command: "/usr/bin/firefox" "--marionette" "-headless" "--remote-debugging-port" "59095" "--remote-allow-hosts" "localhost" "-no-remote" "-profile" "/tmp/rust_mozprofilefWblo0"
*** You are running in headless mode.
[GFX1-]: glxtest: VA-API test failed: failed to initialise VAAPI connection.
1662847413799	Marionette	INFO	Marionette enabled
1662847413804	Marionette	INFO	Listening on port 38123
WebDriver BiDi listening on ws://localhost:59095
Read port: 38123
1662847414026	RemoteAgent	WARN	TLS certificate errors will be ignored for this session
[GFX1-]: RenderCompositorSWGL failed mapping default framebuffer, no dt
console.warn: SearchSettings: "get: No settings file exists, new profile?" (new NotFoundError("Could not open the file at /tmp/rust_mozprofilefWblo0/search.json.mozlz4", (void 0)))
Missing chrome or resource URL: resource://gre/modules/UpdateListener.sys.mjs
DevTools listening on ws://localhost:59095/devtools/browser/9cfc6969-dc83-46ec-8599-92a27d6cfba6
1662848009045	geckodriver	INFO	Listening on 127.0.0.1:56439
1662848009565	mozrunner::runner	INFO	Running command: "/usr/bin/firefox" "--marionette" "-headless" "--remote-debugging-port" "41253" "--remote-allow-hosts" "localhost" "-no-remote" "-profile" "/tmp/rust_mozprofiled1bq3A"
*** You are running in headless mode.
[GFX1-]: glxtest: VA-API test failed: failed to initialise VAAPI connection.
1662848009974	Marionette	INFO	Marionette enabled
1662848009978	Marionette	INFO	Listening on port 33189
WebDriver BiDi listening on ws://localhost:41253
Read port: 33189
1662848010207	RemoteAgent	WARN	TLS certificate errors will be ignored for this session
[GFX1-]: RenderCompositorSWGL failed mapping default framebuffer, no dt
console.warn: SearchSettings: "get: No settings file exists, new profile?" (new NotFoundError("Could not open the file at /tmp/rust_mozprofiled1bq3A/search.json.mozlz4", (void 0)))
Missing chrome or resource URL: resource://gre/modules/UpdateListener.sys.mjs
DevTools listening on ws://localhost:41253/devtools/browser/03a0ba4e-4100-41cb-a551-01e1be3bfa47
1662848028445	Marionette	INFO	Stopped listening on port 33189
Missing chrome or resource URL: resource://gre/modules/UpdateListener.sys.mjs
console.error: "Error during quit-application-granted: [Exception... \"File error: Not found\"  nsresult: \"0x80520012 (NS_ERROR_FILE_NOT_FOUND)\"  location: \"JS frame :: resource:///modules/BrowserGlue.jsm :: _onQuitApplicationGranted/tasks< :: line 2013\"  data: no]"
JavaScript error: resource://gre/modules/Sqlite.jsm, line 1108: Error: Sqlite.jsm has been shutdown. Cannot open connection to: /tmp/rust_mozprofiled1bq3A/protections.sqlite
1662848128258	geckodriver	INFO	Listening on 127.0.0.1:53695
1662848128770	mozrunner::runner	INFO	Running command: "/usr/bin/firefox" "--marionette" "-headless" "--remote-debugging-port" "52727" "--remote-allow-hosts" "localhost" "-no-remote" "-profile" "/tmp/rust_mozprofileSYeomA"
*** You are running in headless mode.
[GFX1-]: glxtest: VA-API test failed: failed to initialise VAAPI connection.
1662848129188	Marionette	INFO	Marionette enabled
1662848129192	Marionette	INFO	Listening on port 39601
WebDriver BiDi listening on ws://localhost:52727
Read port: 39601
1662848129416	RemoteAgent	WARN	TLS certificate errors will be ignored for this session
[GFX1-]: RenderCompositorSWGL failed mapping default framebuffer, no dt
console.warn: SearchSettings: "get: No settings file exists, new profile?" (new NotFoundError("Could not open the file at /tmp/rust_mozprofileSYeomA/search.json.mozlz4", (void 0)))
Missing chrome or resource URL: resource://gre/modules/UpdateListener.sys.mjs
DevTools listening on ws://localhost:52727/devtools/browser/d565a764-7d10-4eca-a347-f4ec1e4accfd
1662848151730	Marionette	INFO	Stopped listening on port 39601
Missing chrome or resource URL: resource://gre/modules/UpdateListener.sys.mjs
console.error: "Error during quit-application-granted: [Exception... \"File error: Not found\"  nsresult: \"0x80520012 (NS_ERROR_FILE_NOT_FOUND)\"  location: \"JS frame :: resource:///modules/BrowserGlue.jsm :: _onQuitApplicationGranted/tasks< :: line 2013\"  data: no]"
JavaScript error: , line 0: TypeError: NetworkError when attempting to fetch resource.
1662849564112	geckodriver	INFO	Listening on 127.0.0.1:37965
1662849564630	mozrunner::runner	INFO	Running command: "/usr/bin/firefox" "--marionette" "-headless" "--remote-debugging-port" "36187" "--remote-allow-hosts" "localhost" "-no-remote" "-profile" "/tmp/rust_mozprofileAwAvvI"
*** You are running in headless mode.
[GFX1-]: glxtest: VA-API test failed: failed to initialise VAAPI connection.
1662849565024	Marionette	INFO	Marionette enabled
1662849565028	Marionette	INFO	Listening on port 39777
Read port: 39777
WebDriver BiDi listening on ws://localhost:36187
1662849565138	RemoteAgent	WARN	TLS certificate errors will be ignored for this session
[GFX1-]: RenderCompositorSWGL failed mapping default framebuffer, no dt
console.warn: SearchSettings: "get: No settings file exists, new profile?" (new NotFoundError("Could not open the file at /tmp/rust_mozprofileAwAvvI/search.json.mozlz4", (void 0)))
Missing chrome or resource URL: resource://gre/modules/UpdateListener.sys.mjs
DevTools listening on ws://localhost:36187/devtools/browser/99149583-1734-4e3e-a852-126552c561d3
JavaScript warning: https://pagead2.googlesyndication.com/bg/CgETvhyXIYksjpVuZOiCWYZFr3TNicAtz6hsjYVMHCQ.js line 2 > eval line 4300 > eval line 1 > eval line 1 > eval, line 1: WEBGL_debug_renderer_info is deprecated in Firefox and will be removed. Please use RENDERER.
1662849638886	geckodriver	INFO	Listening on 127.0.0.1:48287
1662849639404	mozrunner::runner	INFO	Running command: "/usr/bin/firefox" "--marionette" "-headless" "--remote-debugging-port" "35261" "--remote-allow-hosts" "localhost" "-no-remote" "-profile" "/tmp/rust_mozprofileragtr4"
*** You are running in headless mode.
[GFX1-]: glxtest: VA-API test failed: failed to initialise VAAPI connection.
1662849639843	Marionette	INFO	Marionette enabled
1662849639847	Marionette	INFO	Listening on port 35591
WebDriver BiDi listening on ws://localhost:35261
Read port: 35591
1662849639958	RemoteAgent	WARN	TLS certificate errors will be ignored for this session
[GFX1-]: RenderCompositorSWGL failed mapping default framebuffer, no dt
console.warn: SearchSettings: "get: No settings file exists, new profile?" (new NotFoundError("Could not open the file at /tmp/rust_mozprofileragtr4/search.json.mozlz4", (void 0)))
Missing chrome or resource URL: resource://gre/modules/UpdateListener.sys.mjs
DevTools listening on ws://localhost:35261/devtools/browser/00965b44-1dee-4196-a526-ab75f38d91a1
JavaScript warning: https://pagead2.googlesyndication.com/bg/CgETvhyXIYksjpVuZOiCWYZFr3TNicAtz6hsjYVMHCQ.js line 2 > eval line 6531 > eval line 1 > eval line 1 > eval, line 1: WEBGL_debug_renderer_info is deprecated in Firefox and will be removed. Please use RENDERER.
1662849717848	geckodriver	INFO	Listening on 127.0.0.1:56483
1662849718369	mozrunner::runner	INFO	Running command: "/usr/bin/firefox" "--marionette" "-headless" "--remote-debugging-port" "51845" "--remote-allow-hosts" "localhost" "-no-remote" "-profile" "/tmp/rust_mozprofile1206V4"
*** You are running in headless mode.
[GFX1-]: glxtest: VA-API test failed: failed to initialise VAAPI connection.
1662849718815	Marionette	INFO	Marionette enabled
1662849718819	Marionette	INFO	Listening on port 36273
WebDriver BiDi listening on ws://localhost:51845
Read port: 36273
1662849718928	RemoteAgent	WARN	TLS certificate errors will be ignored for this session
[GFX1-]: RenderCompositorSWGL failed mapping default framebuffer, no dt
console.warn: SearchSettings: "get: No settings file exists, new profile?" (new NotFoundError("Could not open the file at /tmp/rust_mozprofile1206V4/search.json.mozlz4", (void 0)))
Missing chrome or resource URL: resource://gre/modules/UpdateListener.sys.mjs
DevTools listening on ws://localhost:51845/devtools/browser/304e84b9-7516-40e2-a096-dd630491fb98
JavaScript warning: https://pagead2.googlesyndication.com/bg/CgETvhyXIYksjpVuZOiCWYZFr3TNicAtz6hsjYVMHCQ.js line 2 > eval line 307 > eval line 1 > eval line 1 > eval, line 1: WEBGL_debug_renderer_info is deprecated in Firefox and will be removed. Please use RENDERER.
1662849836319	geckodriver	INFO	Listening on 127.0.0.1:52239
1662849836840	mozrunner::runner	INFO	Running command: "/usr/bin/firefox" "--marionette" "-headless" "--remote-debugging-port" "60113" "--remote-allow-hosts" "localhost" "-no-remote" "-profile" "/tmp/rust_mozprofileN1vsyS"
*** You are running in headless mode.
[GFX1-]: glxtest: VA-API test failed: failed to initialise VAAPI connection.
1662849837243	Marionette	INFO	Marionette enabled
1662849837247	Marionette	INFO	Listening on port 33877
WebDriver BiDi listening on ws://localhost:60113
Read port: 33877
1662849837534	RemoteAgent	WARN	TLS certificate errors will be ignored for this session
[GFX1-]: RenderCompositorSWGL failed mapping default framebuffer, no dt
console.warn: SearchSettings: "get: No settings file exists, new profile?" (new NotFoundError("Could not open the file at /tmp/rust_mozprofileN1vsyS/search.json.mozlz4", (void 0)))
Missing chrome or resource URL: resource://gre/modules/UpdateListener.sys.mjs
DevTools listening on ws://localhost:60113/devtools/browser/f42f1942-f39a-4ce1-983e-82ae39c42bdf
1662849856537	Marionette	INFO	Stopped listening on port 33877
Missing chrome or resource URL: resource://gre/modules/UpdateListener.sys.mjs
console.error: "Error during quit-application-granted: [Exception... \"File error: Not found\"  nsresult: \"0x80520012 (NS_ERROR_FILE_NOT_FOUND)\"  location: \"JS frame :: resource:///modules/BrowserGlue.jsm :: _onQuitApplicationGranted/tasks< :: line 2013\"  data: no]"
JavaScript error: , line 0: TypeError: NetworkError when attempting to fetch resource.
JavaScript error: resource://gre/modules/Sqlite.jsm, line 1108: Error: Sqlite.jsm has been shutdown. Cannot open connection to: /tmp/rust_mozprofileN1vsyS/protections.sqlite
1662851505773	geckodriver	INFO	Listening on 127.0.0.1:36097
1662851506294	mozrunner::runner	INFO	Running command: "/usr/bin/firefox" "--marionette" "-headless" "--remote-debugging-port" "40253" "--remote-allow-hosts" "localhost" "-no-remote" "-profile" "/tmp/rust_mozprofileTX2w6b"
*** You are running in headless mode.
[GFX1-]: glxtest: VA-API test failed: failed to initialise VAAPI connection.
1662851506796	Marionette	INFO	Marionette enabled
1662851506801	Marionette	INFO	Listening on port 39749
WebDriver BiDi listening on ws://localhost:40253
Read port: 39749
1662851507047	RemoteAgent	WARN	TLS certificate errors will be ignored for this session
[GFX1-]: RenderCompositorSWGL failed mapping default framebuffer, no dt
console.warn: SearchSettings: "get: No settings file exists, new profile?" (new NotFoundError("Could not open the file at /tmp/rust_mozprofileTX2w6b/search.json.mozlz4", (void 0)))
Missing chrome or resource URL: resource://gre/modules/UpdateListener.sys.mjs
DevTools listening on ws://localhost:40253/devtools/browser/8a284fce-23d4-4c25-bf91-90caf53b8fa0
JavaScript warning: https://pagead2.googlesyndication.com/bg/CgETvhyXIYksjpVuZOiCWYZFr3TNicAtz6hsjYVMHCQ.js line 2 > eval line 3049 > eval line 1 > eval line 1 > eval, line 1: WEBGL_debug_renderer_info is deprecated in Firefox and will be removed. Please use RENDERER.
1662851928774	geckodriver	INFO	Listening on 127.0.0.1:42379
1662851929293	mozrunner::runner	INFO	Running command: "/usr/bin/firefox" "--marionette" "-headless" "--remote-debugging-port" "44427" "--remote-allow-hosts" "localhost" "-no-remote" "-profile" "/tmp/rust_mozprofileaxPPV3"
*** You are running in headless mode.
[GFX1-]: glxtest: VA-API test failed: failed to initialise VAAPI connection.
1662851929708	Marionette	INFO	Marionette enabled
1662851929713	Marionette	INFO	Listening on port 42623
WebDriver BiDi listening on ws://localhost:44427
Read port: 42623
1662851929951	RemoteAgent	WARN	TLS certificate errors will be ignored for this session
[GFX1-]: RenderCompositorSWGL failed mapping default framebuffer, no dt
console.warn: SearchSettings: "get: No settings file exists, new profile?" (new NotFoundError("Could not open the file at /tmp/rust_mozprofileaxPPV3/search.json.mozlz4", (void 0)))
Missing chrome or resource URL: resource://gre/modules/UpdateListener.sys.mjs
DevTools listening on ws://localhost:44427/devtools/browser/52f7e5bb-2c9d-496f-bc74-13275cd3aa03
JavaScript warning: https://pagead2.googlesyndication.com/bg/CgETvhyXIYksjpVuZOiCWYZFr3TNicAtz6hsjYVMHCQ.js line 2 > eval line 5032 > eval line 1 > eval line 1 > eval, line 1: WEBGL_debug_renderer_info is deprecated in Firefox and will be removed. Please use RENDERER.
1662852051959	geckodriver	INFO	Listening on 127.0.0.1:50003
1662852052479	mozrunner::runner	INFO	Running command: "/usr/bin/firefox" "--marionette" "-headless" "--remote-debugging-port" "37805" "--remote-allow-hosts" "localhost" "-no-remote" "-profile" "/tmp/rust_mozprofileLipKn0"
*** You are running in headless mode.
[GFX1-]: glxtest: VA-API test failed: failed to initialise VAAPI connection.
1662852052888	Marionette	INFO	Marionette enabled
1662852052893	Marionette	INFO	Listening on port 42807
WebDriver BiDi listening on ws://localhost:37805
Read port: 42807
1662852053129	RemoteAgent	WARN	TLS certificate errors will be ignored for this session
[GFX1-]: RenderCompositorSWGL failed mapping default framebuffer, no dt
console.warn: SearchSettings: "get: No settings file exists, new profile?" (new NotFoundError("Could not open the file at /tmp/rust_mozprofileLipKn0/search.json.mozlz4", (void 0)))
Missing chrome or resource URL: resource://gre/modules/UpdateListener.sys.mjs
DevTools listening on ws://localhost:37805/devtools/browser/ce7860ac-d3e3-49c6-a1d8-e94c61c71edb
JavaScript warning: https://pagead2.googlesyndication.com/bg/CgETvhyXIYksjpVuZOiCWYZFr3TNicAtz6hsjYVMHCQ.js line 2 > eval line 5863 > eval line 1 > eval line 1 > eval, line 1: WEBGL_debug_renderer_info is deprecated in Firefox and will be removed. Please use RENDERER.
1662852741916	geckodriver	INFO	Listening on 127.0.0.1:59205
1662852742426	mozrunner::runner	INFO	Running command: "/usr/bin/firefox" "--marionette" "-headless" "--remote-debugging-port" "41499" "--remote-allow-hosts" "localhost" "-no-remote" "-profile" "/tmp/rust_mozprofileigCRIz"
*** You are running in headless mode.
[GFX1-]: glxtest: VA-API test failed: failed to initialise VAAPI connection.
1662852742882	Marionette	INFO	Marionette enabled
1662852742886	Marionette	INFO	Listening on port 38893
WebDriver BiDi listening on ws://localhost:41499
Read port: 38893
1662852742997	RemoteAgent	WARN	TLS certificate errors will be ignored for this session
[GFX1-]: RenderCompositorSWGL failed mapping default framebuffer, no dt
console.warn: SearchSettings: "get: No settings file exists, new profile?" (new NotFoundError("Could not open the file at /tmp/rust_mozprofileigCRIz/search.json.mozlz4", (void 0)))
Missing chrome or resource URL: resource://gre/modules/UpdateListener.sys.mjs
DevTools listening on ws://localhost:41499/devtools/browser/c267f8fa-c5fe-401b-85a3-e3cf2b491e90
JavaScript warning: https://pagead2.googlesyndication.com/bg/CgETvhyXIYksjpVuZOiCWYZFr3TNicAtz6hsjYVMHCQ.js line 2 > eval line 3639 > eval line 1 > eval line 1 > eval, line 1: WEBGL_debug_renderer_info is deprecated in Firefox and will be removed. Please use RENDERER.
1662853503524	geckodriver	INFO	Listening on 127.0.0.1:58757
1662853504053	mozrunner::runner	INFO	Running command: "/usr/bin/firefox" "--marionette" "-headless" "--remote-debugging-port" "50909" "--remote-allow-hosts" "localhost" "-no-remote" "-profile" "/tmp/rust_mozprofilevlLgta"
*** You are running in headless mode.
[GFX1-]: glxtest: VA-API test failed: failed to initialise VAAPI connection.
1662853504583	Marionette	INFO	Marionette enabled
1662853504588	Marionette	INFO	Listening on port 46543
WebDriver BiDi listening on ws://localhost:50909
Read port: 46543
1662853504722	RemoteAgent	WARN	TLS certificate errors will be ignored for this session
[GFX1-]: RenderCompositorSWGL failed mapping default framebuffer, no dt
console.warn: SearchSettings: "get: No settings file exists, new profile?" (new NotFoundError("Could not open the file at /tmp/rust_mozprofilevlLgta/search.json.mozlz4", (void 0)))
Missing chrome or resource URL: resource://gre/modules/UpdateListener.sys.mjs
DevTools listening on ws://localhost:50909/devtools/browser/8fad1960-84b3-457a-858a-f8182edce216
JavaScript warning: https://pagead2.googlesyndication.com/bg/CgETvhyXIYksjpVuZOiCWYZFr3TNicAtz6hsjYVMHCQ.js line 2 > eval line 7231 > eval line 1 > eval line 1 > eval, line 1: WEBGL_debug_renderer_info is deprecated in Firefox and will be removed. Please use RENDERER.
1662854305740	geckodriver	INFO	Listening on 127.0.0.1:46921
1662854306258	mozrunner::runner	INFO	Running command: "/usr/bin/firefox" "--marionette" "-headless" "--remote-debugging-port" "33839" "--remote-allow-hosts" "localhost" "-no-remote" "-profile" "/tmp/rust_mozprofileAQOLUf"
*** You are running in headless mode.
[GFX1-]: glxtest: VA-API test failed: failed to initialise VAAPI connection.
1662854306694	Marionette	INFO	Marionette enabled
1662854306699	Marionette	INFO	Listening on port 37937
WebDriver BiDi listening on ws://localhost:33839
Read port: 37937
1662854306821	RemoteAgent	WARN	TLS certificate errors will be ignored for this session
[GFX1-]: RenderCompositorSWGL failed mapping default framebuffer, no dt
console.warn: SearchSettings: "get: No settings file exists, new profile?" (new NotFoundError("Could not open the file at /tmp/rust_mozprofileAQOLUf/search.json.mozlz4", (void 0)))
Missing chrome or resource URL: resource://gre/modules/UpdateListener.sys.mjs
DevTools listening on ws://localhost:33839/devtools/browser/b44c58a3-c4e8-4bde-bcb9-1049e139db2a
1662854312151	Marionette	INFO	Stopped listening on port 37937
Missing chrome or resource URL: resource://gre/modules/UpdateListener.sys.mjs
console.error: "Error during quit-application-granted: [Exception... \"File error: Not found\"  nsresult: \"0x80520012 (NS_ERROR_FILE_NOT_FOUND)\"  location: \"JS frame :: resource:///modules/BrowserGlue.jsm :: _onQuitApplicationGranted/tasks< :: line 2013\"  data: no]"
JavaScript error: , line 0: TypeError: NetworkError when attempting to fetch resource.
1662854352568	geckodriver	INFO	Listening on 127.0.0.1:38223
1662854353087	mozrunner::runner	INFO	Running command: "/usr/bin/firefox" "--marionette" "-headless" "--remote-debugging-port" "49733" "--remote-allow-hosts" "localhost" "-no-remote" "-profile" "/tmp/rust_mozprofile5UbEkb"
*** You are running in headless mode.
[GFX1-]: glxtest: VA-API test failed: failed to initialise VAAPI connection.
1662854353540	Marionette	INFO	Marionette enabled
1662854353545	Marionette	INFO	Listening on port 40079
WebDriver BiDi listening on ws://localhost:49733
Read port: 40079
1662854353667	RemoteAgent	WARN	TLS certificate errors will be ignored for this session
[GFX1-]: RenderCompositorSWGL failed mapping default framebuffer, no dt
console.warn: SearchSettings: "get: No settings file exists, new profile?" (new NotFoundError("Could not open the file at /tmp/rust_mozprofile5UbEkb/search.json.mozlz4", (void 0)))
Missing chrome or resource URL: resource://gre/modules/UpdateListener.sys.mjs
DevTools listening on ws://localhost:49733/devtools/browser/8c19113d-8c31-460b-9fcf-c2acc072fb92
1662854358807	Marionette	INFO	Stopped listening on port 40079
Missing chrome or resource URL: resource://gre/modules/UpdateListener.sys.mjs
console.error: "Error during quit-application-granted: [Exception... \"File error: Not found\"  nsresult: \"0x80520012 (NS_ERROR_FILE_NOT_FOUND)\"  location: \"JS frame :: resource:///modules/BrowserGlue.jsm :: _onQuitApplicationGranted/tasks< :: line 2013\"  data: no]"
JavaScript error: , line 0: TypeError: NetworkError when attempting to fetch resource.
JavaScript error: resource://gre/modules/Sqlite.jsm, line 1108: Error: Sqlite.jsm has been shutdown. Cannot open connection to: /tmp/rust_mozprofile5UbEkb/protections.sqlite
1662854626117	geckodriver	INFO	Listening on 127.0.0.1:52205
1662854626638	mozrunner::runner	INFO	Running command: "/usr/bin/firefox" "--marionette" "-headless" "--remote-debugging-port" "42253" "--remote-allow-hosts" "localhost" "-no-remote" "-profile" "/tmp/rust_mozprofileXP5BoS"
*** You are running in headless mode.
[GFX1-]: glxtest: VA-API test failed: failed to initialise VAAPI connection.
1662854627083	Marionette	INFO	Marionette enabled
1662854627088	Marionette	INFO	Listening on port 35045
WebDriver BiDi listening on ws://localhost:42253
Read port: 35045
1662854627201	RemoteAgent	WARN	TLS certificate errors will be ignored for this session
[GFX1-]: RenderCompositorSWGL failed mapping default framebuffer, no dt
console.warn: SearchSettings: "get: No settings file exists, new profile?" (new NotFoundError("Could not open the file at /tmp/rust_mozprofileXP5BoS/search.json.mozlz4", (void 0)))
Missing chrome or resource URL: resource://gre/modules/UpdateListener.sys.mjs
DevTools listening on ws://localhost:42253/devtools/browser/69f9992a-5fd0-4fdf-8c90-7a0ae056dadb
JavaScript warning: https://pagead2.googlesyndication.com/bg/CgETvhyXIYksjpVuZOiCWYZFr3TNicAtz6hsjYVMHCQ.js line 2 > eval line 6094 > eval line 1 > eval line 1 > eval, line 1: WEBGL_debug_renderer_info is deprecated in Firefox and will be removed. Please use RENDERER.
1662854794056	geckodriver	INFO	Listening on 127.0.0.1:46511
1662854794578	mozrunner::runner	INFO	Running command: "/usr/bin/firefox" "--marionette" "-headless" "--remote-debugging-port" "35847" "--remote-allow-hosts" "localhost" "-no-remote" "-profile" "/tmp/rust_mozprofiletmnNsc"
*** You are running in headless mode.
[GFX1-]: glxtest: VA-API test failed: failed to initialise VAAPI connection.
1662854795044	Marionette	INFO	Marionette enabled
1662854795048	Marionette	INFO	Listening on port 46225
WebDriver BiDi listening on ws://localhost:35847
Read port: 46225
1662854795162	RemoteAgent	WARN	TLS certificate errors will be ignored for this session
[GFX1-]: RenderCompositorSWGL failed mapping default framebuffer, no dt
console.warn: SearchSettings: "get: No settings file exists, new profile?" (new NotFoundError("Could not open the file at /tmp/rust_mozprofiletmnNsc/search.json.mozlz4", (void 0)))
Missing chrome or resource URL: resource://gre/modules/UpdateListener.sys.mjs
DevTools listening on ws://localhost:35847/devtools/browser/4fd13a7c-124b-4b42-92ee-9c9f1bc3e4e7
JavaScript warning: https://pagead2.googlesyndication.com/bg/CgETvhyXIYksjpVuZOiCWYZFr3TNicAtz6hsjYVMHCQ.js line 2 > eval line 4710 > eval line 1 > eval line 1 > eval, line 1: WEBGL_debug_renderer_info is deprecated in Firefox and will be removed. Please use RENDERER.
1662860316939	geckodriver	INFO	Listening on 127.0.0.1:42567
1662860317410	mozrunner::runner	INFO	Running command: "/usr/bin/firefox" "--marionette" "-headless" "--remote-debugging-port" "48529" "--remote-allow-hosts" "localhost" "-no-remote" "-profile" "/tmp/rust_mozprofiler15rhB"
*** You are running in headless mode.
[GFX1-]: glxtest: VA-API test failed: failed to initialise VAAPI connection.
1662860318057	Marionette	INFO	Marionette enabled
1662860318064	Marionette	INFO	Listening on port 41971
WebDriver BiDi listening on ws://localhost:48529
Read port: 41971
1662860318215	RemoteAgent	WARN	TLS certificate errors will be ignored for this session
[GFX1-]: RenderCompositorSWGL failed mapping default framebuffer, no dt
console.warn: SearchSettings: "get: No settings file exists, new profile?" (new NotFoundError("Could not open the file at /tmp/rust_mozprofiler15rhB/search.json.mozlz4", (void 0)))
Missing chrome or resource URL: resource://gre/modules/UpdateListener.sys.mjs
DevTools listening on ws://localhost:48529/devtools/browser/820ec2e9-4783-4b3e-91a1-76c052fecb14
1662860324547	Marionette	INFO	Stopped listening on port 41971
Missing chrome or resource URL: resource://gre/modules/UpdateListener.sys.mjs
console.error: "Error during quit-application-granted: [Exception... \"File error: Not found\"  nsresult: \"0x80520012 (NS_ERROR_FILE_NOT_FOUND)\"  location: \"JS frame :: resource:///modules/BrowserGlue.jsm :: _onQuitApplicationGranted/tasks< :: line 2013\"  data: no]"
JavaScript error: , line 0: TypeError: NetworkError when attempting to fetch resource.
1662860772452	geckodriver	INFO	Listening on 127.0.0.1:48309
1662860772959	mozrunner::runner	INFO	Running command: "/usr/bin/firefox" "--marionette" "-headless" "--remote-debugging-port" "54503" "--remote-allow-hosts" "localhost" "-no-remote" "-profile" "/tmp/rust_mozprofilem894Br"
*** You are running in headless mode.
[GFX1-]: glxtest: VA-API test failed: failed to initialise VAAPI connection.
1662860773475	Marionette	INFO	Marionette enabled
1662860773480	Marionette	INFO	Listening on port 44273
WebDriver BiDi listening on ws://localhost:54503
Read port: 44273
1662860773643	RemoteAgent	WARN	TLS certificate errors will be ignored for this session
[GFX1-]: RenderCompositorSWGL failed mapping default framebuffer, no dt
console.warn: SearchSettings: "get: No settings file exists, new profile?" (new NotFoundError("Could not open the file at /tmp/rust_mozprofilem894Br/search.json.mozlz4", (void 0)))
Missing chrome or resource URL: resource://gre/modules/UpdateListener.sys.mjs
DevTools listening on ws://localhost:54503/devtools/browser/da6def2e-b282-4ffe-a34f-b755cc69254a
1662860779985	Marionette	INFO	Stopped listening on port 44273
Missing chrome or resource URL: resource://gre/modules/UpdateListener.sys.mjs
console.error: "Error during quit-application-granted: [Exception... \"File error: Not found\"  nsresult: \"0x80520012 (NS_ERROR_FILE_NOT_FOUND)\"  location: \"JS frame :: resource:///modules/BrowserGlue.jsm :: _onQuitApplicationGranted/tasks< :: line 2013\"  data: no]"
JavaScript error: , line 0: TypeError: NetworkError when attempting to fetch resource.
JavaScript error: resource://gre/modules/AsyncShutdown.jsm, line 719: Error: Phase "Sqlite.jsm: wait until all connections are closed" is finished, it is too late to register completion condition "protections.sqlite#0: waiting for shutdown"
1662862228458	geckodriver	INFO	Listening on 127.0.0.1:51821
1662862228977	mozrunner::runner	INFO	Running command: "/usr/bin/firefox" "--marionette" "-headless" "--remote-debugging-port" "58115" "--remote-allow-hosts" "localhost" "-no-remote" "-profile" "/tmp/rust_mozprofileGeekH6"
*** You are running in headless mode.
[GFX1-]: glxtest: VA-API test failed: failed to initialise VAAPI connection.
1662862229440	Marionette	INFO	Marionette enabled
1662862229444	Marionette	INFO	Listening on port 38533
WebDriver BiDi listening on ws://localhost:58115
Read port: 38533
1662862229555	RemoteAgent	WARN	TLS certificate errors will be ignored for this session
[GFX1-]: RenderCompositorSWGL failed mapping default framebuffer, no dt
console.warn: SearchSettings: "get: No settings file exists, new profile?" (new NotFoundError("Could not open the file at /tmp/rust_mozprofileGeekH6/search.json.mozlz4", (void 0)))
Missing chrome or resource URL: resource://gre/modules/UpdateListener.sys.mjs
DevTools listening on ws://localhost:58115/devtools/browser/afb5934d-3de6-49bc-b1b5-5694f9255570
1662862235138	Marionette	INFO	Stopped listening on port 38533
Missing chrome or resource URL: resource://gre/modules/UpdateListener.sys.mjs
console.error: "Error during quit-application-granted: [Exception... \"File error: Not found\"  nsresult: \"0x80520012 (NS_ERROR_FILE_NOT_FOUND)\"  location: \"JS frame :: resource:///modules/BrowserGlue.jsm :: _onQuitApplicationGranted/tasks< :: line 2013\"  data: no]"
JavaScript error: , line 0: TypeError: NetworkError when attempting to fetch resource.
1662862628400	geckodriver	INFO	Listening on 127.0.0.1:47079
1662862628913	mozrunner::runner	INFO	Running command: "/usr/bin/firefox" "--marionette" "-headless" "--remote-debugging-port" "34593" "--remote-allow-hosts" "localhost" "-no-remote" "-profile" "/tmp/rust_mozprofileX9aRFI"
*** You are running in headless mode.
[GFX1-]: glxtest: VA-API test failed: failed to initialise VAAPI connection.
1662862629361	Marionette	INFO	Marionette enabled
1662862629365	Marionette	INFO	Listening on port 44989
WebDriver BiDi listening on ws://localhost:34593
Read port: 44989
1662862629479	RemoteAgent	WARN	TLS certificate errors will be ignored for this session
[GFX1-]: RenderCompositorSWGL failed mapping default framebuffer, no dt
console.warn: SearchSettings: "get: No settings file exists, new profile?" (new NotFoundError("Could not open the file at /tmp/rust_mozprofileX9aRFI/search.json.mozlz4", (void 0)))
Missing chrome or resource URL: resource://gre/modules/UpdateListener.sys.mjs
DevTools listening on ws://localhost:34593/devtools/browser/534456f3-d00a-4245-be51-20b826c8d967
1662862634758	Marionette	INFO	Stopped listening on port 44989
Missing chrome or resource URL: resource://gre/modules/UpdateListener.sys.mjs
console.error: "Error during quit-application-granted: [Exception... \"File error: Not found\"  nsresult: \"0x80520012 (NS_ERROR_FILE_NOT_FOUND)\"  location: \"JS frame :: resource:///modules/BrowserGlue.jsm :: _onQuitApplicationGranted/tasks< :: line 2013\"  data: no]"
JavaScript error: , line 0: TypeError: NetworkError when attempting to fetch resource.
1662862665135	geckodriver	INFO	Listening on 127.0.0.1:54151
1662862665143	mozrunner::runner	INFO	Running command: "/usr/bin/firefox" "--marionette" "-headless" "--remote-debugging-port" "34479" "--remote-allow-hosts" "localhost" "-no-remote" "-profile" "/tmp/rust_mozprofileKitf99"
*** You are running in headless mode.
[GFX1-]: glxtest: VA-API test failed: failed to initialise VAAPI connection.
1662862665823	Marionette	INFO	Marionette enabled
1662862665828	Marionette	INFO	Listening on port 35825
WebDriver BiDi listening on ws://localhost:34479
Read port: 35825
1662862665943	RemoteAgent	WARN	TLS certificate errors will be ignored for this session
[GFX1-]: RenderCompositorSWGL failed mapping default framebuffer, no dt
console.warn: SearchSettings: "get: No settings file exists, new profile?" (new NotFoundError("Could not open the file at /tmp/rust_mozprofileKitf99/search.json.mozlz4", (void 0)))
Missing chrome or resource URL: resource://gre/modules/UpdateListener.sys.mjs
DevTools listening on ws://localhost:34479/devtools/browser/88106403-2de0-4299-848c-4202db87673e
1662862671717	Marionette	INFO	Stopped listening on port 35825
Missing chrome or resource URL: resource://gre/modules/UpdateListener.sys.mjs
console.error: "Error during quit-application-granted: [Exception... \"File error: Not found\"  nsresult: \"0x80520012 (NS_ERROR_FILE_NOT_FOUND)\"  location: \"JS frame :: resource:///modules/BrowserGlue.jsm :: _onQuitApplicationGranted/tasks< :: line 2013\"  data: no]"
JavaScript error: , line 0: TypeError: NetworkError when attempting to fetch resource.
1662862823218	geckodriver	INFO	Listening on 127.0.0.1:42787
1662862823223	mozrunner::runner	INFO	Running command: "/usr/bin/firefox" "--marionette" "-headless" "--remote-debugging-port" "42611" "--remote-allow-hosts" "localhost" "-no-remote" "-profile" "/tmp/rust_mozprofile3Jh1Ca"
*** You are running in headless mode.
[GFX1-]: glxtest: VA-API test failed: failed to initialise VAAPI connection.
1662862823658	Marionette	INFO	Marionette enabled
1662862823662	Marionette	INFO	Listening on port 38207
WebDriver BiDi listening on ws://localhost:42611
Read port: 38207
1662862823779	RemoteAgent	WARN	TLS certificate errors will be ignored for this session
[GFX1-]: RenderCompositorSWGL failed mapping default framebuffer, no dt
console.warn: SearchSettings: "get: No settings file exists, new profile?" (new NotFoundError("Could not open the file at /tmp/rust_mozprofile3Jh1Ca/search.json.mozlz4", (void 0)))
Missing chrome or resource URL: resource://gre/modules/UpdateListener.sys.mjs
DevTools listening on ws://localhost:42611/devtools/browser/8500ea8a-8bec-43d0-a177-501fba5a31f7
JavaScript warning: https://pagead2.googlesyndication.com/bg/CgETvhyXIYksjpVuZOiCWYZFr3TNicAtz6hsjYVMHCQ.js line 2 > eval line 5580 > eval line 1 > eval line 1 > eval, line 1: WEBGL_debug_renderer_info is deprecated in Firefox and will be removed. Please use RENDERER.
1662862859460	geckodriver	INFO	Listening on 127.0.0.1:47885
1662862859986	mozrunner::runner	INFO	Running command: "/usr/bin/firefox" "--marionette" "-headless" "--remote-debugging-port" "41459" "--remote-allow-hosts" "localhost" "-no-remote" "-profile" "/tmp/rust_mozprofileSuktBl"
*** You are running in headless mode.
[GFX1-]: glxtest: VA-API test failed: failed to initialise VAAPI connection.
1662862860558	Marionette	INFO	Marionette enabled
1662862860563	Marionette	INFO	Listening on port 34559
WebDriver BiDi listening on ws://localhost:41459
Read port: 34559
1662862860678	RemoteAgent	WARN	TLS certificate errors will be ignored for this session
[GFX1-]: RenderCompositorSWGL failed mapping default framebuffer, no dt
console.warn: SearchSettings: "get: No settings file exists, new profile?" (new NotFoundError("Could not open the file at /tmp/rust_mozprofileSuktBl/search.json.mozlz4", (void 0)))
Missing chrome or resource URL: resource://gre/modules/UpdateListener.sys.mjs
DevTools listening on ws://localhost:41459/devtools/browser/7acf1d44-6523-4ba9-9ed5-5252efe264b4
JavaScript warning: https://pagead2.googlesyndication.com/bg/CgETvhyXIYksjpVuZOiCWYZFr3TNicAtz6hsjYVMHCQ.js line 2 > eval line 2389 > eval line 1 > eval line 1 > eval, line 1: WEBGL_debug_renderer_info is deprecated in Firefox and will be removed. Please use RENDERER.
1662863001250	geckodriver	INFO	Listening on 127.0.0.1:52909
1662863001787	mozrunner::runner	INFO	Running command: "/usr/bin/firefox" "--marionette" "-headless" "--remote-debugging-port" "36297" "--remote-allow-hosts" "localhost" "-no-remote" "-profile" "/tmp/rust_mozprofileGmotwl"
*** You are running in headless mode.
[GFX1-]: glxtest: VA-API test failed: failed to initialise VAAPI connection.
1662863002359	Marionette	INFO	Marionette enabled
1662863002364	Marionette	INFO	Listening on port 46391
WebDriver BiDi listening on ws://localhost:36297
Read port: 46391
1662863002478	RemoteAgent	WARN	TLS certificate errors will be ignored for this session
[GFX1-]: RenderCompositorSWGL failed mapping default framebuffer, no dt
console.warn: SearchSettings: "get: No settings file exists, new profile?" (new NotFoundError("Could not open the file at /tmp/rust_mozprofileGmotwl/search.json.mozlz4", (void 0)))
Missing chrome or resource URL: resource://gre/modules/UpdateListener.sys.mjs
DevTools listening on ws://localhost:36297/devtools/browser/8d8ab453-afde-4411-ace6-f8c0b60c95ec
JavaScript warning: https://pagead2.googlesyndication.com/bg/CgETvhyXIYksjpVuZOiCWYZFr3TNicAtz6hsjYVMHCQ.js line 2 > eval line 1794 > eval line 1 > eval line 1 > eval, line 1: WEBGL_debug_renderer_info is deprecated in Firefox and will be removed. Please use RENDERER.
1662863074475	geckodriver	INFO	Listening on 127.0.0.1:55075
1662863074992	mozrunner::runner	INFO	Running command: "/usr/bin/firefox" "--marionette" "-headless" "--remote-debugging-port" "50975" "--remote-allow-hosts" "localhost" "-no-remote" "-profile" "/tmp/rust_mozprofileIYdDw2"
*** You are running in headless mode.
[GFX1-]: glxtest: VA-API test failed: failed to initialise VAAPI connection.
1662863075411	Marionette	INFO	Marionette enabled
1662863075415	Marionette	INFO	Listening on port 33127
WebDriver BiDi listening on ws://localhost:50975
Read port: 33127
1662863075648	RemoteAgent	WARN	TLS certificate errors will be ignored for this session
[GFX1-]: RenderCompositorSWGL failed mapping default framebuffer, no dt
console.warn: SearchSettings: "get: No settings file exists, new profile?" (new NotFoundError("Could not open the file at /tmp/rust_mozprofileIYdDw2/search.json.mozlz4", (void 0)))
Missing chrome or resource URL: resource://gre/modules/UpdateListener.sys.mjs
DevTools listening on ws://localhost:50975/devtools/browser/bc7154f0-42ff-48fb-8527-1c3605cea2e3
JavaScript warning: https://pagead2.googlesyndication.com/bg/CgETvhyXIYksjpVuZOiCWYZFr3TNicAtz6hsjYVMHCQ.js line 2 > eval line 31 > eval line 1 > eval line 1 > eval, line 1: WEBGL_debug_renderer_info is deprecated in Firefox and will be removed. Please use RENDERER.
1662863123269	geckodriver	INFO	Listening on 127.0.0.1:42733
1662863123802	mozrunner::runner	INFO	Running command: "/usr/bin/firefox" "--marionette" "-headless" "--remote-debugging-port" "37761" "--remote-allow-hosts" "localhost" "-no-remote" "-profile" "/tmp/rust_mozprofilerGGJDS"
*** You are running in headless mode.
[GFX1-]: glxtest: VA-API test failed: failed to initialise VAAPI connection.
1662863124268	Marionette	INFO	Marionette enabled
1662863124273	Marionette	INFO	Listening on port 38487
WebDriver BiDi listening on ws://localhost:37761
Read port: 38487
1662863124388	RemoteAgent	WARN	TLS certificate errors will be ignored for this session
[GFX1-]: RenderCompositorSWGL failed mapping default framebuffer, no dt
console.warn: SearchSettings: "get: No settings file exists, new profile?" (new NotFoundError("Could not open the file at /tmp/rust_mozprofilerGGJDS/search.json.mozlz4", (void 0)))
Missing chrome or resource URL: resource://gre/modules/UpdateListener.sys.mjs
DevTools listening on ws://localhost:37761/devtools/browser/635e676f-f667-488d-aee3-c93731829cf9
JavaScript warning: https://pagead2.googlesyndication.com/bg/CgETvhyXIYksjpVuZOiCWYZFr3TNicAtz6hsjYVMHCQ.js line 2 > eval line 6027 > eval line 1 > eval line 1 > eval, line 1: WEBGL_debug_renderer_info is deprecated in Firefox and will be removed. Please use RENDERER.
1662863207868	geckodriver	INFO	Listening on 127.0.0.1:39095
1662863208389	mozrunner::runner	INFO	Running command: "/usr/bin/firefox" "--marionette" "-headless" "--remote-debugging-port" "55277" "--remote-allow-hosts" "localhost" "-no-remote" "-profile" "/tmp/rust_mozprofileb5mRYx"
*** You are running in headless mode.
[GFX1-]: glxtest: VA-API test failed: failed to initialise VAAPI connection.
1662863208836	Marionette	INFO	Marionette enabled
1662863208841	Marionette	INFO	Listening on port 33659
WebDriver BiDi listening on ws://localhost:55277
Read port: 33659
1662863208954	RemoteAgent	WARN	TLS certificate errors will be ignored for this session
[GFX1-]: RenderCompositorSWGL failed mapping default framebuffer, no dt
console.warn: SearchSettings: "get: No settings file exists, new profile?" (new NotFoundError("Could not open the file at /tmp/rust_mozprofileb5mRYx/search.json.mozlz4", (void 0)))
Missing chrome or resource URL: resource://gre/modules/UpdateListener.sys.mjs
DevTools listening on ws://localhost:55277/devtools/browser/fdb1a33c-b9ca-41df-9bf0-a7ae195f5c70
1662863215487	Marionette	WARN	Ignoring event 'DOMContentLoaded' because document has an invalid readyState of 'complete'.
1662863215664	Marionette	INFO	Stopped listening on port 33659
Missing chrome or resource URL: resource://gre/modules/UpdateListener.sys.mjs
console.error: "Error during quit-application-granted: [Exception... \"File error: Not found\"  nsresult: \"0x80520012 (NS_ERROR_FILE_NOT_FOUND)\"  location: \"JS frame :: resource:///modules/BrowserGlue.jsm :: _onQuitApplicationGranted/tasks< :: line 2013\"  data: no]"
JavaScript error: , line 0: TypeError: NetworkError when attempting to fetch resource.
1662863297054	geckodriver	INFO	Listening on 127.0.0.1:52659
1662863297061	mozrunner::runner	INFO	Running command: "/usr/bin/firefox" "--marionette" "-headless" "--remote-debugging-port" "57857" "--remote-allow-hosts" "localhost" "-no-remote" "-profile" "/tmp/rust_mozprofiletPIhLE"
*** You are running in headless mode.
[GFX1-]: glxtest: VA-API test failed: failed to initialise VAAPI connection.
1662863297506	Marionette	INFO	Marionette enabled
1662863297511	Marionette	INFO	Listening on port 44897
WebDriver BiDi listening on ws://localhost:57857
Read port: 44897
1662863297624	RemoteAgent	WARN	TLS certificate errors will be ignored for this session
[GFX1-]: RenderCompositorSWGL failed mapping default framebuffer, no dt
console.warn: SearchSettings: "get: No settings file exists, new profile?" (new NotFoundError("Could not open the file at /tmp/rust_mozprofiletPIhLE/search.json.mozlz4", (void 0)))
Missing chrome or resource URL: resource://gre/modules/UpdateListener.sys.mjs
DevTools listening on ws://localhost:57857/devtools/browser/7eaa8aa3-a71d-48bb-a70e-ab5bcada4f7b
JavaScript warning: https://pagead2.googlesyndication.com/bg/CgETvhyXIYksjpVuZOiCWYZFr3TNicAtz6hsjYVMHCQ.js line 2 > eval line 6143 > eval line 1 > eval line 1 > eval, line 1: WEBGL_debug_renderer_info is deprecated in Firefox and will be removed. Please use RENDERER.
1662863303472	Marionette	INFO	Stopped listening on port 44897
Missing chrome or resource URL: resource://gre/modules/UpdateListener.sys.mjs
console.error: "Error during quit-application-granted: [Exception... \"File error: Not found\"  nsresult: \"0x80520012 (NS_ERROR_FILE_NOT_FOUND)\"  location: \"JS frame :: resource:///modules/BrowserGlue.jsm :: _onQuitApplicationGranted/tasks< :: line 2013\"  data: no]"
JavaScript error: , line 0: TypeError: NetworkError when attempting to fetch resource.
JavaScript error: resource://gre/modules/Sqlite.jsm, line 1108: Error: Sqlite.jsm has been shutdown. Cannot open connection to: /tmp/rust_mozprofiletPIhLE/protections.sqlite
1662863509584	geckodriver	INFO	Listening on 127.0.0.1:51681
1662863510110	mozrunner::runner	INFO	Running command: "/usr/bin/firefox" "--marionette" "-headless" "--remote-debugging-port" "39831" "--remote-allow-hosts" "localhost" "-no-remote" "-profile" "/tmp/rust_mozprofileyE7sBi"
*** You are running in headless mode.
[GFX1-]: glxtest: VA-API test failed: failed to initialise VAAPI connection.
1662863510598	Marionette	INFO	Marionette enabled
1662863510603	Marionette	INFO	Listening on port 37907
WebDriver BiDi listening on ws://localhost:39831
Read port: 37907
1662863510722	RemoteAgent	WARN	TLS certificate errors will be ignored for this session
[GFX1-]: RenderCompositorSWGL failed mapping default framebuffer, no dt
console.warn: SearchSettings: "get: No settings file exists, new profile?" (new NotFoundError("Could not open the file at /tmp/rust_mozprofileyE7sBi/search.json.mozlz4", (void 0)))
Missing chrome or resource URL: resource://gre/modules/UpdateListener.sys.mjs
DevTools listening on ws://localhost:39831/devtools/browser/4187cec3-5ca6-4c68-aba5-6217fefc05d6
JavaScript warning: https://pagead2.googlesyndication.com/bg/CgETvhyXIYksjpVuZOiCWYZFr3TNicAtz6hsjYVMHCQ.js line 2 > eval line 5389 > eval line 1 > eval line 1 > eval, line 1: WEBGL_debug_renderer_info is deprecated in Firefox and will be removed. Please use RENDERER.
1662863670516	geckodriver	INFO	Listening on 127.0.0.1:46661
1662863670525	mozrunner::runner	INFO	Running command: "/usr/bin/firefox" "--marionette" "-headless" "--remote-debugging-port" "38245" "--remote-allow-hosts" "localhost" "-no-remote" "-profile" "/tmp/rust_mozprofileI5iJ3M"
*** You are running in headless mode.
[GFX1-]: glxtest: VA-API test failed: failed to initialise VAAPI connection.
1662863670964	Marionette	INFO	Marionette enabled
1662863670969	Marionette	INFO	Listening on port 42647
WebDriver BiDi listening on ws://localhost:38245
Read port: 42647
1662863671082	RemoteAgent	WARN	TLS certificate errors will be ignored for this session
[GFX1-]: RenderCompositorSWGL failed mapping default framebuffer, no dt
console.warn: SearchSettings: "get: No settings file exists, new profile?" (new NotFoundError("Could not open the file at /tmp/rust_mozprofileI5iJ3M/search.json.mozlz4", (void 0)))
Missing chrome or resource URL: resource://gre/modules/UpdateListener.sys.mjs
DevTools listening on ws://localhost:38245/devtools/browser/7f879728-6546-4e95-8d04-72b28c3ce297
JavaScript warning: https://pagead2.googlesyndication.com/bg/CgETvhyXIYksjpVuZOiCWYZFr3TNicAtz6hsjYVMHCQ.js line 2 > eval line 743 > eval line 1 > eval line 1 > eval, line 1: WEBGL_debug_renderer_info is deprecated in Firefox and will be removed. Please use RENDERER.
1662863682974	Marionette	INFO	Stopped listening on port 42647
Missing chrome or resource URL: resource://gre/modules/UpdateListener.sys.mjs
console.error: "Error during quit-application-granted: [Exception... \"File error: Not found\"  nsresult: \"0x80520012 (NS_ERROR_FILE_NOT_FOUND)\"  location: \"JS frame :: resource:///modules/BrowserGlue.jsm :: _onQuitApplicationGranted/tasks< :: line 2013\"  data: no]"
JavaScript error: , line 0: TypeError: NetworkError when attempting to fetch resource.
JavaScript error: resource://gre/modules/Sqlite.jsm, line 1108: Error: Sqlite.jsm has been shutdown. Cannot open connection to: /tmp/rust_mozprofileI5iJ3M/protections.sqlite
1662863788410	geckodriver	INFO	Listening on 127.0.0.1:35095
1662863788932	mozrunner::runner	INFO	Running command: "/usr/bin/firefox" "--marionette" "-headless" "--remote-debugging-port" "50523" "--remote-allow-hosts" "localhost" "-no-remote" "-profile" "/tmp/rust_mozprofile0f2nKe"
*** You are running in headless mode.
[GFX1-]: glxtest: VA-API test failed: failed to initialise VAAPI connection.
1662863789455	Marionette	INFO	Marionette enabled
1662863789460	Marionette	INFO	Listening on port 41979
WebDriver BiDi listening on ws://localhost:50523
Read port: 41979
1662863789595	RemoteAgent	WARN	TLS certificate errors will be ignored for this session
[GFX1-]: RenderCompositorSWGL failed mapping default framebuffer, no dt
console.warn: SearchSettings: "get: No settings file exists, new profile?" (new NotFoundError("Could not open the file at /tmp/rust_mozprofile0f2nKe/search.json.mozlz4", (void 0)))
Missing chrome or resource URL: resource://gre/modules/UpdateListener.sys.mjs
DevTools listening on ws://localhost:50523/devtools/browser/3d4532d4-2cbc-40b7-bdd4-273af3bf087a
JavaScript warning: https://pagead2.googlesyndication.com/bg/CgETvhyXIYksjpVuZOiCWYZFr3TNicAtz6hsjYVMHCQ.js line 2 > eval line 1258 > eval line 1 > eval line 1 > eval, line 1: WEBGL_debug_renderer_info is deprecated in Firefox and will be removed. Please use RENDERER.
1662863797357	Marionette	INFO	Stopped listening on port 41979
Missing chrome or resource URL: resource://gre/modules/UpdateListener.sys.mjs
console.error: "Error during quit-application-granted: [Exception... \"File error: Not found\"  nsresult: \"0x80520012 (NS_ERROR_FILE_NOT_FOUND)\"  location: \"JS frame :: resource:///modules/BrowserGlue.jsm :: _onQuitApplicationGranted/tasks< :: line 2013\"  data: no]"
JavaScript error: , line 0: TypeError: NetworkError when attempting to fetch resource.
1662863850565	geckodriver	INFO	Listening on 127.0.0.1:57825
1662863851085	mozrunner::runner	INFO	Running command: "/usr/bin/firefox" "--marionette" "-headless" "--remote-debugging-port" "58777" "--remote-allow-hosts" "localhost" "-no-remote" "-profile" "/tmp/rust_mozprofileTxxbHB"
*** You are running in headless mode.
[GFX1-]: glxtest: VA-API test failed: failed to initialise VAAPI connection.
1662863851554	Marionette	INFO	Marionette enabled
1662863851559	Marionette	INFO	Listening on port 36125
WebDriver BiDi listening on ws://localhost:58777
Read port: 36125
1662863851676	RemoteAgent	WARN	TLS certificate errors will be ignored for this session
[GFX1-]: RenderCompositorSWGL failed mapping default framebuffer, no dt
console.warn: SearchSettings: "get: No settings file exists, new profile?" (new NotFoundError("Could not open the file at /tmp/rust_mozprofileTxxbHB/search.json.mozlz4", (void 0)))
Missing chrome or resource URL: resource://gre/modules/UpdateListener.sys.mjs
DevTools listening on ws://localhost:58777/devtools/browser/8c529b94-c94e-40d3-90cb-19e1e7ede8cf
1662863857281	Marionette	INFO	Stopped listening on port 36125
Missing chrome or resource URL: resource://gre/modules/UpdateListener.sys.mjs
console.error: "Error during quit-application-granted: [Exception... \"File error: Not found\"  nsresult: \"0x80520012 (NS_ERROR_FILE_NOT_FOUND)\"  location: \"JS frame :: resource:///modules/BrowserGlue.jsm :: _onQuitApplicationGranted/tasks< :: line 2013\"  data: no]"
JavaScript error: , line 0: TypeError: NetworkError when attempting to fetch resource.
JavaScript error: resource://gre/modules/Sqlite.jsm, line 1108: Error: Sqlite.jsm has been shutdown. Cannot open connection to: /tmp/rust_mozprofileTxxbHB/protections.sqlite
1662863898483	geckodriver	INFO	Listening on 127.0.0.1:56063
1662863899008	mozrunner::runner	INFO	Running command: "/usr/bin/firefox" "--marionette" "-headless" "--remote-debugging-port" "54399" "--remote-allow-hosts" "localhost" "-no-remote" "-profile" "/tmp/rust_mozprofileyFQnY6"
*** You are running in headless mode.
[GFX1-]: glxtest: VA-API test failed: failed to initialise VAAPI connection.
1662863899479	Marionette	INFO	Marionette enabled
1662863899483	Marionette	INFO	Listening on port 35563
WebDriver BiDi listening on ws://localhost:54399
Read port: 35563
1662863899605	RemoteAgent	WARN	TLS certificate errors will be ignored for this session
[GFX1-]: RenderCompositorSWGL failed mapping default framebuffer, no dt
console.warn: SearchSettings: "get: No settings file exists, new profile?" (new NotFoundError("Could not open the file at /tmp/rust_mozprofileyFQnY6/search.json.mozlz4", (void 0)))
Missing chrome or resource URL: resource://gre/modules/UpdateListener.sys.mjs
DevTools listening on ws://localhost:54399/devtools/browser/01d57a78-1c8a-45a2-8c1b-6ce1955cec94
1662863905203	Marionette	INFO	Stopped listening on port 35563
Missing chrome or resource URL: resource://gre/modules/UpdateListener.sys.mjs
console.error: "Error during quit-application-granted: [Exception... \"File error: Not found\"  nsresult: \"0x80520012 (NS_ERROR_FILE_NOT_FOUND)\"  location: \"JS frame :: resource:///modules/BrowserGlue.jsm :: _onQuitApplicationGranted/tasks< :: line 2013\"  data: no]"
JavaScript error: , line 0: TypeError: NetworkError when attempting to fetch resource.
JavaScript error: resource://gre/modules/Sqlite.jsm, line 1108: Error: Sqlite.jsm has been shutdown. Cannot open connection to: /tmp/rust_mozprofileyFQnY6/protections.sqlite
1662863950733	geckodriver	INFO	Listening on 127.0.0.1:39503
1662863951253	mozrunner::runner	INFO	Running command: "/usr/bin/firefox" "--marionette" "-headless" "--remote-debugging-port" "38325" "--remote-allow-hosts" "localhost" "-no-remote" "-profile" "/tmp/rust_mozprofileR9L1Pw"
*** You are running in headless mode.
[GFX1-]: glxtest: VA-API test failed: failed to initialise VAAPI connection.
1662863951779	Marionette	INFO	Marionette enabled
1662863951783	Marionette	INFO	Listening on port 35313
WebDriver BiDi listening on ws://localhost:38325
Read port: 35313
1662863951917	RemoteAgent	WARN	TLS certificate errors will be ignored for this session
[GFX1-]: RenderCompositorSWGL failed mapping default framebuffer, no dt
console.warn: SearchSettings: "get: No settings file exists, new profile?" (new NotFoundError("Could not open the file at /tmp/rust_mozprofileR9L1Pw/search.json.mozlz4", (void 0)))
Missing chrome or resource URL: resource://gre/modules/UpdateListener.sys.mjs
DevTools listening on ws://localhost:38325/devtools/browser/2f1d8f5b-79a1-4b6c-8c93-97478ce8de2d
1662863958572	Marionette	INFO	Stopped listening on port 35313
Missing chrome or resource URL: resource://gre/modules/UpdateListener.sys.mjs
console.error: "Error during quit-application-granted: [Exception... \"File error: Not found\"  nsresult: \"0x80520012 (NS_ERROR_FILE_NOT_FOUND)\"  location: \"JS frame :: resource:///modules/BrowserGlue.jsm :: _onQuitApplicationGranted/tasks< :: line 2013\"  data: no]"
JavaScript error: , line 0: TypeError: NetworkError when attempting to fetch resource.
JavaScript error: resource://gre/modules/AsyncShutdown.jsm, line 719: Error: Phase "Sqlite.jsm: wait until all connections are closed" is finished, it is too late to register completion condition "protections.sqlite#0: waiting for shutdown"
1662864076662	geckodriver	INFO	Listening on 127.0.0.1:49153
1662864077190	mozrunner::runner	INFO	Running command: "/usr/bin/firefox" "--marionette" "-headless" "--remote-debugging-port" "50269" "--remote-allow-hosts" "localhost" "-no-remote" "-profile" "/tmp/rust_mozprofileRXsaOK"
*** You are running in headless mode.
[GFX1-]: glxtest: VA-API test failed: failed to initialise VAAPI connection.
1662864077671	Marionette	INFO	Marionette enabled
1662864077675	Marionette	INFO	Listening on port 37697
WebDriver BiDi listening on ws://localhost:50269
Read port: 37697
1662864077794	RemoteAgent	WARN	TLS certificate errors will be ignored for this session
[GFX1-]: RenderCompositorSWGL failed mapping default framebuffer, no dt
console.warn: SearchSettings: "get: No settings file exists, new profile?" (new NotFoundError("Could not open the file at /tmp/rust_mozprofileRXsaOK/search.json.mozlz4", (void 0)))
Missing chrome or resource URL: resource://gre/modules/UpdateListener.sys.mjs
DevTools listening on ws://localhost:50269/devtools/browser/0a646b58-9e2f-4977-8ac9-10688e805593
JavaScript warning: https://pagead2.googlesyndication.com/bg/CgETvhyXIYksjpVuZOiCWYZFr3TNicAtz6hsjYVMHCQ.js line 2 > eval line 5551 > eval line 1 > eval line 1 > eval, line 1: WEBGL_debug_renderer_info is deprecated in Firefox and will be removed. Please use RENDERER.
1662864084188	Marionette	INFO	Stopped listening on port 37697
Missing chrome or resource URL: resource://gre/modules/UpdateListener.sys.mjs
console.error: "Error during quit-application-granted: [Exception... \"File error: Not found\"  nsresult: \"0x80520012 (NS_ERROR_FILE_NOT_FOUND)\"  location: \"JS frame :: resource:///modules/BrowserGlue.jsm :: _onQuitApplicationGranted/tasks< :: line 2013\"  data: no]"
JavaScript error: , line 0: TypeError: NetworkError when attempting to fetch resource.
JavaScript error: resource://gre/modules/Sqlite.jsm, line 1108: Error: Sqlite.jsm has been shutdown. Cannot open connection to: /tmp/rust_mozprofileRXsaOK/protections.sqlite
1662864144816	geckodriver	INFO	Listening on 127.0.0.1:48119
1662864145337	mozrunner::runner	INFO	Running command: "/usr/bin/firefox" "--marionette" "-headless" "--remote-debugging-port" "58043" "--remote-allow-hosts" "localhost" "-no-remote" "-profile" "/tmp/rust_mozprofileh9i9oN"
*** You are running in headless mode.
[GFX1-]: glxtest: VA-API test failed: failed to initialise VAAPI connection.
1662864145804	Marionette	INFO	Marionette enabled
1662864145809	Marionette	INFO	Listening on port 43383
WebDriver BiDi listening on ws://localhost:58043
Read port: 43383
1662864145929	RemoteAgent	WARN	TLS certificate errors will be ignored for this session
[GFX1-]: RenderCompositorSWGL failed mapping default framebuffer, no dt
console.warn: SearchSettings: "get: No settings file exists, new profile?" (new NotFoundError("Could not open the file at /tmp/rust_mozprofileh9i9oN/search.json.mozlz4", (void 0)))
Missing chrome or resource URL: resource://gre/modules/UpdateListener.sys.mjs
DevTools listening on ws://localhost:58043/devtools/browser/0dbe4cb9-8c14-40d9-a321-9eb13d5becca
JavaScript warning: https://pagead2.googlesyndication.com/bg/CgETvhyXIYksjpVuZOiCWYZFr3TNicAtz6hsjYVMHCQ.js line 2 > eval line 6320 > eval line 1 > eval line 1 > eval, line 1: WEBGL_debug_renderer_info is deprecated in Firefox and will be removed. Please use RENDERER.
1662864152964	Marionette	INFO	Stopped listening on port 43383
Missing chrome or resource URL: resource://gre/modules/UpdateListener.sys.mjs
console.error: "Error during quit-application-granted: [Exception... \"File error: Not found\"  nsresult: \"0x80520012 (NS_ERROR_FILE_NOT_FOUND)\"  location: \"JS frame :: resource:///modules/BrowserGlue.jsm :: _onQuitApplicationGranted/tasks< :: line 2013\"  data: no]"
JavaScript error: , line 0: TypeError: NetworkError when attempting to fetch resource.
1662864209668	geckodriver	INFO	Listening on 127.0.0.1:43891
1662864209676	mozrunner::runner	INFO	Running command: "/usr/bin/firefox" "--marionette" "-headless" "--remote-debugging-port" "34631" "--remote-allow-hosts" "localhost" "-no-remote" "-profile" "/tmp/rust_mozprofilelPNluI"
*** You are running in headless mode.
[GFX1-]: glxtest: VA-API test failed: failed to initialise VAAPI connection.
1662864210245	Marionette	INFO	Marionette enabled
1662864210250	Marionette	INFO	Listening on port 46371
WebDriver BiDi listening on ws://localhost:34631
Read port: 46371
1662864210371	RemoteAgent	WARN	TLS certificate errors will be ignored for this session
[GFX1-]: RenderCompositorSWGL failed mapping default framebuffer, no dt
console.warn: SearchSettings: "get: No settings file exists, new profile?" (new NotFoundError("Could not open the file at /tmp/rust_mozprofilelPNluI/search.json.mozlz4", (void 0)))
Missing chrome or resource URL: resource://gre/modules/UpdateListener.sys.mjs
DevTools listening on ws://localhost:34631/devtools/browser/18d69421-34be-4f0d-82fd-504fcf916696
JavaScript warning: https://pagead2.googlesyndication.com/bg/CgETvhyXIYksjpVuZOiCWYZFr3TNicAtz6hsjYVMHCQ.js line 2 > eval line 7042 > eval line 1 > eval line 1 > eval, line 1: WEBGL_debug_renderer_info is deprecated in Firefox and will be removed. Please use RENDERER.
1662864217355	Marionette	INFO	Stopped listening on port 46371
Missing chrome or resource URL: resource://gre/modules/UpdateListener.sys.mjs
console.error: "Error during quit-application-granted: [Exception... \"File error: Not found\"  nsresult: \"0x80520012 (NS_ERROR_FILE_NOT_FOUND)\"  location: \"JS frame :: resource:///modules/BrowserGlue.jsm :: _onQuitApplicationGranted/tasks< :: line 2013\"  data: no]"
JavaScript error: , line 0: TypeError: NetworkError when attempting to fetch resource.
JavaScript error: resource://gre/modules/Sqlite.jsm, line 1108: Error: Sqlite.jsm has been shutdown. Cannot open connection to: /tmp/rust_mozprofilelPNluI/protections.sqlite
1662866516834	geckodriver	INFO	Listening on 127.0.0.1:40019
1662866517356	mozrunner::runner	INFO	Running command: "/usr/bin/firefox" "--marionette" "-headless" "--remote-debugging-port" "36235" "--remote-allow-hosts" "localhost" "-no-remote" "-profile" "/tmp/rust_mozprofilekUmHU8"
*** You are running in headless mode.
[GFX1-]: glxtest: VA-API test failed: failed to initialise VAAPI connection.
1662866517807	Marionette	INFO	Marionette enabled
1662866517811	Marionette	INFO	Listening on port 37953
WebDriver BiDi listening on ws://localhost:36235
Read port: 37953
1662866517924	RemoteAgent	WARN	TLS certificate errors will be ignored for this session
[GFX1-]: RenderCompositorSWGL failed mapping default framebuffer, no dt
console.warn: SearchSettings: "get: No settings file exists, new profile?" (new NotFoundError("Could not open the file at /tmp/rust_mozprofilekUmHU8/search.json.mozlz4", (void 0)))
Missing chrome or resource URL: resource://gre/modules/UpdateListener.sys.mjs
DevTools listening on ws://localhost:36235/devtools/browser/16e6d846-d2a3-4c65-a992-94e9ac512f2e
JavaScript warning: https://pagead2.googlesyndication.com/bg/CgETvhyXIYksjpVuZOiCWYZFr3TNicAtz6hsjYVMHCQ.js line 2 > eval line 1308 > eval line 1 > eval line 1 > eval, line 1: WEBGL_debug_renderer_info is deprecated in Firefox and will be removed. Please use RENDERER.
1662866690068	geckodriver	INFO	Listening on 127.0.0.1:50805
1662866690590	mozrunner::runner	INFO	Running command: "/usr/bin/firefox" "--marionette" "-headless" "--remote-debugging-port" "38893" "--remote-allow-hosts" "localhost" "-no-remote" "-profile" "/tmp/rust_mozprofileRtkGPJ"
*** You are running in headless mode.
[GFX1-]: glxtest: VA-API test failed: failed to initialise VAAPI connection.
1662866691156	Marionette	INFO	Marionette enabled
1662866691161	Marionette	INFO	Listening on port 41631
WebDriver BiDi listening on ws://localhost:38893
Read port: 41631
1662866691275	RemoteAgent	WARN	TLS certificate errors will be ignored for this session
[GFX1-]: RenderCompositorSWGL failed mapping default framebuffer, no dt
console.warn: SearchSettings: "get: No settings file exists, new profile?" (new NotFoundError("Could not open the file at /tmp/rust_mozprofileRtkGPJ/search.json.mozlz4", (void 0)))
Missing chrome or resource URL: resource://gre/modules/UpdateListener.sys.mjs
DevTools listening on ws://localhost:38893/devtools/browser/69b00596-01d2-4bf1-aa2b-4ca4db203d0d
JavaScript warning: https://pagead2.googlesyndication.com/bg/CgETvhyXIYksjpVuZOiCWYZFr3TNicAtz6hsjYVMHCQ.js line 2 > eval line 7030 > eval line 1 > eval line 1 > eval, line 1: WEBGL_debug_renderer_info is deprecated in Firefox and will be removed. Please use RENDERER.
1662866758779	geckodriver	INFO	Listening on 127.0.0.1:60815
1662866759299	mozrunner::runner	INFO	Running command: "/usr/bin/firefox" "--marionette" "-headless" "--remote-debugging-port" "59403" "--remote-allow-hosts" "localhost" "-no-remote" "-profile" "/tmp/rust_mozprofilecAnKEa"
*** You are running in headless mode.
[GFX1-]: glxtest: VA-API test failed: failed to initialise VAAPI connection.
1662866759758	Marionette	INFO	Marionette enabled
1662866759762	Marionette	INFO	Listening on port 42673
WebDriver BiDi listening on ws://localhost:59403
Read port: 42673
1662866759881	RemoteAgent	WARN	TLS certificate errors will be ignored for this session
[GFX1-]: RenderCompositorSWGL failed mapping default framebuffer, no dt
console.warn: SearchSettings: "get: No settings file exists, new profile?" (new NotFoundError("Could not open the file at /tmp/rust_mozprofilecAnKEa/search.json.mozlz4", (void 0)))
Missing chrome or resource URL: resource://gre/modules/UpdateListener.sys.mjs
DevTools listening on ws://localhost:59403/devtools/browser/a836fdab-5fb9-4538-9302-2a867d63ed27
JavaScript warning: https://pagead2.googlesyndication.com/bg/CgETvhyXIYksjpVuZOiCWYZFr3TNicAtz6hsjYVMHCQ.js line 2 > eval line 4247 > eval line 1 > eval line 1 > eval, line 1: WEBGL_debug_renderer_info is deprecated in Firefox and will be removed. Please use RENDERER.
1662866859523	geckodriver	INFO	Listening on 127.0.0.1:55641
1662866859529	mozrunner::runner	INFO	Running command: "/usr/bin/firefox" "--marionette" "-headless" "--remote-debugging-port" "38953" "--remote-allow-hosts" "localhost" "-no-remote" "-profile" "/tmp/rust_mozprofileEcrEXK"
*** You are running in headless mode.
[GFX1-]: glxtest: VA-API test failed: failed to initialise VAAPI connection.
1662866860045	Marionette	INFO	Marionette enabled
1662866860051	Marionette	INFO	Listening on port 39339
WebDriver BiDi listening on ws://localhost:38953
Read port: 39339
1662866860206	RemoteAgent	WARN	TLS certificate errors will be ignored for this session
[GFX1-]: RenderCompositorSWGL failed mapping default framebuffer, no dt
console.warn: SearchSettings: "get: No settings file exists, new profile?" (new NotFoundError("Could not open the file at /tmp/rust_mozprofileEcrEXK/search.json.mozlz4", (void 0)))
Missing chrome or resource URL: resource://gre/modules/UpdateListener.sys.mjs
DevTools listening on ws://localhost:38953/devtools/browser/aad7ff3a-03d7-48f2-9182-83a51cb7b19f
JavaScript warning: https://pagead2.googlesyndication.com/bg/CgETvhyXIYksjpVuZOiCWYZFr3TNicAtz6hsjYVMHCQ.js line 2 > eval line 7291 > eval line 1 > eval line 1 > eval, line 1: WEBGL_debug_renderer_info is deprecated in Firefox and will be removed. Please use RENDERER.
1662866935666	geckodriver	INFO	Listening on 127.0.0.1:59591
1662866936203	mozrunner::runner	INFO	Running command: "/usr/bin/firefox" "--marionette" "-headless" "--remote-debugging-port" "58565" "--remote-allow-hosts" "localhost" "-no-remote" "-profile" "/tmp/rust_mozprofileWzNA9J"
*** You are running in headless mode.
[GFX1-]: glxtest: VA-API test failed: failed to initialise VAAPI connection.
1662866936758	Marionette	INFO	Marionette enabled
1662866936762	Marionette	INFO	Listening on port 35117
WebDriver BiDi listening on ws://localhost:58565
Read port: 35117
1662866936881	RemoteAgent	WARN	TLS certificate errors will be ignored for this session
[GFX1-]: RenderCompositorSWGL failed mapping default framebuffer, no dt
console.warn: SearchSettings: "get: No settings file exists, new profile?" (new NotFoundError("Could not open the file at /tmp/rust_mozprofileWzNA9J/search.json.mozlz4", (void 0)))
Missing chrome or resource URL: resource://gre/modules/UpdateListener.sys.mjs
DevTools listening on ws://localhost:58565/devtools/browser/267d885b-b021-4ed6-b09c-2439a8245c59
JavaScript warning: https://pagead2.googlesyndication.com/bg/CgETvhyXIYksjpVuZOiCWYZFr3TNicAtz6hsjYVMHCQ.js line 2 > eval line 3840 > eval line 1 > eval line 1 > eval, line 1: WEBGL_debug_renderer_info is deprecated in Firefox and will be removed. Please use RENDERER.
1662867120553	geckodriver	INFO	Listening on 127.0.0.1:48155
1662867121072	mozrunner::runner	INFO	Running command: "/usr/bin/firefox" "--marionette" "-headless" "--remote-debugging-port" "41321" "--remote-allow-hosts" "localhost" "-no-remote" "-profile" "/tmp/rust_mozprofileqXqvCN"
*** You are running in headless mode.
[GFX1-]: glxtest: VA-API test failed: failed to initialise VAAPI connection.
1662867121533	Marionette	INFO	Marionette enabled
1662867121537	Marionette	INFO	Listening on port 34661
WebDriver BiDi listening on ws://localhost:41321
Read port: 34661
1662867121664	RemoteAgent	WARN	TLS certificate errors will be ignored for this session
[GFX1-]: RenderCompositorSWGL failed mapping default framebuffer, no dt
console.warn: SearchSettings: "get: No settings file exists, new profile?" (new NotFoundError("Could not open the file at /tmp/rust_mozprofileqXqvCN/search.json.mozlz4", (void 0)))
Missing chrome or resource URL: resource://gre/modules/UpdateListener.sys.mjs
DevTools listening on ws://localhost:41321/devtools/browser/cac36331-695b-43ac-a94b-4b8d6544b344
JavaScript warning: https://pagead2.googlesyndication.com/bg/CgETvhyXIYksjpVuZOiCWYZFr3TNicAtz6hsjYVMHCQ.js line 2 > eval line 598 > eval line 1 > eval line 1 > eval, line 1: WEBGL_debug_renderer_info is deprecated in Firefox and will be removed. Please use RENDERER.
1662867226631	geckodriver	INFO	Listening on 127.0.0.1:39179
1662867226642	mozrunner::runner	INFO	Running command: "/usr/bin/firefox" "--marionette" "-headless" "--remote-debugging-port" "57489" "--remote-allow-hosts" "localhost" "-no-remote" "-profile" "/tmp/rust_mozprofileeBQJ3R"
*** You are running in headless mode.
[GFX1-]: glxtest: VA-API test failed: failed to initialise VAAPI connection.
1662867227204	Marionette	INFO	Marionette enabled
1662867227211	Marionette	INFO	Listening on port 34165
WebDriver BiDi listening on ws://localhost:57489
Read port: 34165
1662867227356	RemoteAgent	WARN	TLS certificate errors will be ignored for this session
[GFX1-]: RenderCompositorSWGL failed mapping default framebuffer, no dt
console.warn: SearchSettings: "get: No settings file exists, new profile?" (new NotFoundError("Could not open the file at /tmp/rust_mozprofileeBQJ3R/search.json.mozlz4", (void 0)))
Missing chrome or resource URL: resource://gre/modules/UpdateListener.sys.mjs
DevTools listening on ws://localhost:57489/devtools/browser/e76e3455-66d9-45df-b086-96d64ee72b90
JavaScript warning: https://pagead2.googlesyndication.com/bg/CgETvhyXIYksjpVuZOiCWYZFr3TNicAtz6hsjYVMHCQ.js line 2 > eval line 4015 > eval line 1 > eval line 1 > eval, line 1: WEBGL_debug_renderer_info is deprecated in Firefox and will be removed. Please use RENDERER.
1662867316091	geckodriver	INFO	Listening on 127.0.0.1:59429
1662867316610	mozrunner::runner	INFO	Running command: "/usr/bin/firefox" "--marionette" "--remote-debugging-port" "36175" "--remote-allow-hosts" "localhost" "-no-remote" "-profile" "/tmp/rust_mozprofileUnvrPu"
[GFX1-]: glxtest: VA-API test failed: failed to initialise VAAPI connection.
ATTENTION: default value of option mesa_glthread overridden by environment.
ATTENTION: default value of option mesa_glthread overridden by environment.
ATTENTION: default value of option mesa_glthread overridden by environment.
ATTENTION: default value of option mesa_glthread overridden by environment.
1662867317492	Marionette	INFO	Marionette enabled
1662867317497	Marionette	INFO	Listening on port 46521
WebDriver BiDi listening on ws://localhost:36175
Read port: 46521
1662867317623	RemoteAgent	WARN	TLS certificate errors will be ignored for this session
console.warn: SearchSettings: "get: No settings file exists, new profile?" (new NotFoundError("Could not open the file at /tmp/rust_mozprofileUnvrPu/search.json.mozlz4", (void 0)))
Missing chrome or resource URL: resource://gre/modules/UpdateListener.sys.mjs
DevTools listening on ws://localhost:36175/devtools/browser/fed7f936-cc14-401a-9644-1a6a2192d18d
JavaScript warning: https://pagead2.googlesyndication.com/bg/CgETvhyXIYksjpVuZOiCWYZFr3TNicAtz6hsjYVMHCQ.js line 2 > eval line 816 > eval line 1 > eval line 1 > eval, line 1: WEBGL_debug_renderer_info is deprecated in Firefox and will be removed. Please use RENDERER.
1662867368467	geckodriver	INFO	Listening on 127.0.0.1:51197
1662867368990	mozrunner::runner	INFO	Running command: "/usr/bin/firefox" "--marionette" "--remote-debugging-port" "33951" "--remote-allow-hosts" "localhost" "-no-remote" "-profile" "/tmp/rust_mozprofilesTngOB"
[GFX1-]: glxtest: VA-API test failed: failed to initialise VAAPI connection.
ATTENTION: default value of option mesa_glthread overridden by environment.
ATTENTION: default value of option mesa_glthread overridden by environment.
ATTENTION: default value of option mesa_glthread overridden by environment.
ATTENTION: default value of option mesa_glthread overridden by environment.
1662867369883	Marionette	INFO	Marionette enabled
1662867369888	Marionette	INFO	Listening on port 43699
Read port: 43699
WebDriver BiDi listening on ws://localhost:33951
1662867370014	RemoteAgent	WARN	TLS certificate errors will be ignored for this session
console.warn: SearchSettings: "get: No settings file exists, new profile?" (new NotFoundError("Could not open the file at /tmp/rust_mozprofilesTngOB/search.json.mozlz4", (void 0)))
Missing chrome or resource URL: resource://gre/modules/UpdateListener.sys.mjs
DevTools listening on ws://localhost:33951/devtools/browser/6a4c25a3-c40a-43ef-a393-73de62c35681
JavaScript warning: https://pagead2.googlesyndication.com/bg/CgETvhyXIYksjpVuZOiCWYZFr3TNicAtz6hsjYVMHCQ.js line 2 > eval line 3816 > eval line 1 > eval line 1 > eval, line 1: WEBGL_debug_renderer_info is deprecated in Firefox and will be removed. Please use RENDERER.
1662867503821	geckodriver	INFO	Listening on 127.0.0.1:41181
1662867504341	mozrunner::runner	INFO	Running command: "/usr/bin/firefox" "--marionette" "--remote-debugging-port" "47815" "--remote-allow-hosts" "localhost" "-no-remote" "-profile" "/tmp/rust_mozprofilebsjgsI"
[GFX1-]: glxtest: VA-API test failed: failed to initialise VAAPI connection.
ATTENTION: default value of option mesa_glthread overridden by environment.
ATTENTION: default value of option mesa_glthread overridden by environment.
ATTENTION: default value of option mesa_glthread overridden by environment.
ATTENTION: default value of option mesa_glthread overridden by environment.
1662867505200	Marionette	INFO	Marionette enabled
1662867505205	Marionette	INFO	Listening on port 34311
WebDriver BiDi listening on ws://localhost:47815
Read port: 34311
1662867505330	RemoteAgent	WARN	TLS certificate errors will be ignored for this session
console.warn: SearchSettings: "get: No settings file exists, new profile?" (new NotFoundError("Could not open the file at /tmp/rust_mozprofilebsjgsI/search.json.mozlz4", (void 0)))
Missing chrome or resource URL: resource://gre/modules/UpdateListener.sys.mjs
DevTools listening on ws://localhost:47815/devtools/browser/696417a8-7da4-4203-80f8-13ce7892d4c5
1662867511221	Marionette	WARN	Ignoring event 'DOMContentLoaded' because document has an invalid readyState of 'complete'.
JavaScript warning: https://pagead2.googlesyndication.com/bg/CgETvhyXIYksjpVuZOiCWYZFr3TNicAtz6hsjYVMHCQ.js line 2 > eval line 1756 > eval line 1 > eval line 1 > eval, line 1: WEBGL_debug_renderer_info is deprecated in Firefox and will be removed. Please use RENDERER.
JavaScript warning: https://pagead2.googlesyndication.com/bg/CgETvhyXIYksjpVuZOiCWYZFr3TNicAtz6hsjYVMHCQ.js line 2 > eval line 2895 > eval line 1 > eval line 1 > eval, line 1: WEBGL_debug_renderer_info is deprecated in Firefox and will be removed. Please use RENDERER.
Missing chrome or resource URL: resource://gre/modules/UpdateListener.sys.mjs
console.error: "Error during quit-application-granted: [Exception... \"File error: Not found\"  nsresult: \"0x80520012 (NS_ERROR_FILE_NOT_FOUND)\"  location: \"JS frame :: resource:///modules/BrowserGlue.jsm :: _onQuitApplicationGranted/tasks< :: line 2013\"  data: no]"
1662867566280	Marionette	INFO	Stopped listening on port 34311
JavaScript error: , line 0: TypeError: NetworkError when attempting to fetch resource.
JavaScript error: , line 0: TypeError: NetworkError when attempting to fetch resource.
JavaScript error: , line 0: TypeError: NetworkError when attempting to fetch resource.
JavaScript error: , line 0: TypeError: NetworkError when attempting to fetch resource.
JavaScript error: , line 0: TypeError: NetworkError when attempting to fetch resource.
JavaScript error: , line 0: TypeError: NetworkError when attempting to fetch resource.
1662867577313	geckodriver	INFO	Listening on 127.0.0.1:43523
1662867577836	mozrunner::runner	INFO	Running command: "/usr/bin/firefox" "--marionette" "--remote-debugging-port" "53515" "--remote-allow-hosts" "localhost" "-no-remote" "-profile" "/tmp/rust_mozprofileHvwXhM"
[GFX1-]: glxtest: VA-API test failed: failed to initialise VAAPI connection.
ATTENTION: default value of option mesa_glthread overridden by environment.
ATTENTION: default value of option mesa_glthread overridden by environment.
ATTENTION: default value of option mesa_glthread overridden by environment.
ATTENTION: default value of option mesa_glthread overridden by environment.
1662867578770	Marionette	INFO	Marionette enabled
1662867578775	Marionette	INFO	Listening on port 42861
WebDriver BiDi listening on ws://localhost:53515
Read port: 42861
1662867578907	RemoteAgent	WARN	TLS certificate errors will be ignored for this session
console.warn: SearchSettings: "get: No settings file exists, new profile?" (new NotFoundError("Could not open the file at /tmp/rust_mozprofileHvwXhM/search.json.mozlz4", (void 0)))
Missing chrome or resource URL: resource://gre/modules/UpdateListener.sys.mjs
DevTools listening on ws://localhost:53515/devtools/browser/ea70918b-779e-4def-bb72-7fa1fd64d3c6
JavaScript warning: https://pagead2.googlesyndication.com/bg/CgETvhyXIYksjpVuZOiCWYZFr3TNicAtz6hsjYVMHCQ.js line 2 > eval line 2294 > eval line 1 > eval line 1 > eval, line 1: WEBGL_debug_renderer_info is deprecated in Firefox and will be removed. Please use RENDERER.
JavaScript warning: https://pagead2.googlesyndication.com/bg/CgETvhyXIYksjpVuZOiCWYZFr3TNicAtz6hsjYVMHCQ.js line 2 > eval line 965 > eval line 1 > eval line 1 > eval, line 1: WEBGL_debug_renderer_info is deprecated in Firefox and will be removed. Please use RENDERER.
JavaScript error: , line 0: TypeError: NetworkError when attempting to fetch resource.
JavaScript error: , line 0: TypeError: NetworkError when attempting to fetch resource.
JavaScript error: , line 0: TypeError: NetworkError when attempting to fetch resource.
JavaScript error: , line 0: TypeError: NetworkError when attempting to fetch resource.
Missing chrome or resource URL: resource://gre/modules/UpdateListener.sys.mjs
console.error: "Error during quit-application-granted: [Exception... \"File error: Not found\"  nsresult: \"0x80520012 (NS_ERROR_FILE_NOT_FOUND)\"  location: \"JS frame :: resource:///modules/BrowserGlue.jsm :: _onQuitApplicationGranted/tasks< :: line 2013\"  data: no]"
1662867615741	Marionette	INFO	Stopped listening on port 42861
console.warn: TopSitesFeed: Failed to fetch data from Contile server: NetworkError when attempting to fetch resource.
1662867635882	geckodriver	INFO	Listening on 127.0.0.1:44965
1662867635898	mozrunner::runner	INFO	Running command: "/usr/bin/firefox" "--marionette" "--remote-debugging-port" "59283" "--remote-allow-hosts" "localhost" "-no-remote" "-profile" "/tmp/rust_mozprofilemNIinT"
[GFX1-]: glxtest: VA-API test failed: failed to initialise VAAPI connection.
ATTENTION: default value of option mesa_glthread overridden by environment.
ATTENTION: default value of option mesa_glthread overridden by environment.
ATTENTION: default value of option mesa_glthread overridden by environment.
ATTENTION: default value of option mesa_glthread overridden by environment.
1662867636758	Marionette	INFO	Marionette enabled
1662867636763	Marionette	INFO	Listening on port 37437
WebDriver BiDi listening on ws://localhost:59283
Read port: 37437
1662867636889	RemoteAgent	WARN	TLS certificate errors will be ignored for this session
console.warn: SearchSettings: "get: No settings file exists, new profile?" (new NotFoundError("Could not open the file at /tmp/rust_mozprofilemNIinT/search.json.mozlz4", (void 0)))
Missing chrome or resource URL: resource://gre/modules/UpdateListener.sys.mjs
DevTools listening on ws://localhost:59283/devtools/browser/b4a88d05-7ff3-4608-a212-5cc74d3d9aef
JavaScript warning: https://pagead2.googlesyndication.com/bg/CgETvhyXIYksjpVuZOiCWYZFr3TNicAtz6hsjYVMHCQ.js line 2 > eval line 5010 > eval line 1 > eval line 1 > eval, line 1: WEBGL_debug_renderer_info is deprecated in Firefox and will be removed. Please use RENDERER.
JavaScript warning: https://pagead2.googlesyndication.com/bg/CgETvhyXIYksjpVuZOiCWYZFr3TNicAtz6hsjYVMHCQ.js line 2 > eval line 6738 > eval line 1 > eval line 1 > eval, line 1: WEBGL_debug_renderer_info is deprecated in Firefox and will be removed. Please use RENDERER.
